<?xml version="1.0" encoding="UTF-8"?>
<!-- Generated by org.testng.reporters.JUnitReportReporter -->
<testsuite hostname="192.168.1.7" failures="0" tests="1" name="buyProducts.buyVegetables5" time="7.259" errors="0" timestamp="2024-11-05T08:15:41 ICT" skipped="0">
  <testcase classname="buyProducts.buyVegetables5" name="buyVegan" time="7.259"/>
</testsuite> <!-- buyProducts.buyVegetables5 -->
