<?xml version="1.0" encoding="UTF-8"?>
<!-- Generated by org.testng.reporters.JUnitReportReporter -->
<testsuite hostname="192.168.1.7" failures="0" tests="1" name="buyProducts.buyVegetables4" time="5.645" errors="0" timestamp="2024-11-05T08:15:41 ICT" skipped="0">
  <testcase classname="buyProducts.buyVegetables4" name="buyVegan" time="5.645"/>
</testsuite> <!-- buyProducts.buyVegetables4 -->
